<?xml version="1.0" encoding="UTF-8"?>
<testsuites>
  <testsuite name="CLI Arguments" tests="1" assertions="2" errors="0" failures="0" skipped="0" time="2.824191">
    <testsuite name="Tests\Feature\LaravelNyumon\Station3\PracticeTest" file="/var/www/tests/Feature/LaravelNyumon/Station3/PracticeTest.php" tests="1" assertions="2" errors="0" failures="0" skipped="0" time="2.824191">
      <testcase name="test_LaravelのデフォルトTOPページが表示される" file="/var/www/tests/Feature/LaravelNyumon/Station3/PracticeTest.php" line="13" class="Tests\Feature\LaravelNyumon\Station3\PracticeTest" classname="Tests.Feature.LaravelNyumon.Station3.PracticeTest" assertions="2" time="2.824191"/>
    </testsuite>
  </testsuite>
</testsuites>
